<?xml version="1.0" encoding="UTF-8"?>
<!-- Generated by org.testng.reporters.JUnitReportReporter -->
<testsuite skipped="0" hostname="PSHTS" name="com.woolies.TestCase.WorkshopMeetTest" tests="5" failures="0" timestamp="2022-08-21T22:34:29 AEST" time="29.495" errors="0">
  <testcase name="Test_Calender_Launch" time="6.914" classname="com.woolies.TestCase.WorkshopMeetTest"/>
  <system-out/>
  <testcase name="Test_WorkShop_Title" time="4.080" classname="com.woolies.TestCase.WorkshopMeetTest"/>
  <system-out/>
  <testcase name="Test_Set_FridayMeet" time="7.625" classname="com.woolies.TestCase.WorkshopMeetTest"/>
  <system-out/>
  <testcase name="Test_Invite_People" time="2.249" classname="com.woolies.TestCase.WorkshopMeetTest"/>
  <system-out/>
  <testcase name="Test_Repeat_Meeting_Occurrence" time="8.627" classname="com.woolies.TestCase.WorkshopMeetTest"/>
  <system-out/>
</testsuite> <!-- com.woolies.TestCase.WorkshopMeetTest -->
