<?xml version="1.0" encoding="UTF-8"?>
<!-- Generated by org.testng.reporters.JUnitReportReporter -->
<testsuite skipped="0" hostname="PSHTS" name="com.woolies.TestCase.WorkshopMeetTest" tests="5" failures="0" timestamp="2022-08-22T10:03:28 AEST" time="28.885" errors="0">
  <testcase name="Test_Calender_Launch" time="7.486" classname="com.woolies.TestCase.WorkshopMeetTest"/>
  <system-out/>
  <testcase name="Test_WorkShop_Title" time="4.339" classname="com.woolies.TestCase.WorkshopMeetTest"/>
  <system-out/>
  <testcase name="Test_Set_Workshop_Meet" time="7.054" classname="com.woolies.TestCase.WorkshopMeetTest"/>
  <system-out/>
  <testcase name="Test_Invite_People_Workshop" time="1.701" classname="com.woolies.TestCase.WorkshopMeetTest"/>
  <system-out/>
  <testcase name="Test_Repeat_Meeting_Occurrence_Workshop" time="8.305" classname="com.woolies.TestCase.WorkshopMeetTest"/>
  <system-out/>
</testsuite> <!-- com.woolies.TestCase.WorkshopMeetTest -->
