<?xml version="1.0" encoding="UTF-8"?>
<!-- Generated by org.testng.reporters.JUnitReportReporter -->
<testsuite skipped="0" hostname="PSHTS" name="com.woolies.TestCase.CalenderMeetTest" tests="5" failures="0" timestamp="2022-08-20T23:28:56 AEST" time="255.365" errors="0">
  <testcase name="Test_Calender_Launch" time="53.311" classname="com.woolies.TestCase.CalenderMeetTest"/>
  <system-out/>
  <testcase name="Test_WorkShop_Title" time="50.542" classname="com.woolies.TestCase.CalenderMeetTest"/>
  <system-out/>
  <testcase name="Test_Set_FridayMeet" time="50.342" classname="com.woolies.TestCase.CalenderMeetTest"/>
  <system-out/>
  <testcase name="Test_Invite_People" time="50.391" classname="com.woolies.TestCase.CalenderMeetTest"/>
  <system-out/>
  <testcase name="Test_Repeat_Meeting_Occurrence" time="50.779" classname="com.woolies.TestCase.CalenderMeetTest"/>
  <system-out/>
</testsuite> <!-- com.woolies.TestCase.CalenderMeetTest -->
