<?xml version="1.0" encoding="UTF-8"?>
<!-- Generated by org.testng.reporters.JUnitReportReporter -->
<testsuite skipped="0" hostname="PSHTS" name="com.woolies.TestCase.StandUpMeetTest" tests="5" failures="0" timestamp="2022-08-21T22:34:29 AEST" time="29.192" errors="0">
  <testcase name="Test_Calender_Launch" time="7.018" classname="com.woolies.TestCase.StandUpMeetTest"/>
  <system-out/>
  <testcase name="Test_WorkShop_Title" time="3.889" classname="com.woolies.TestCase.StandUpMeetTest"/>
  <system-out/>
  <testcase name="Test_Set_FridayMeet" time="8.098" classname="com.woolies.TestCase.StandUpMeetTest"/>
  <system-out/>
  <testcase name="Test_Invite_People" time="1.697" classname="com.woolies.TestCase.StandUpMeetTest"/>
  <system-out/>
  <testcase name="Test_Repeat_Meeting_Occurrence" time="8.490" classname="com.woolies.TestCase.StandUpMeetTest"/>
  <system-out/>
</testsuite> <!-- com.woolies.TestCase.StandUpMeetTest -->
