<?xml version="1.0" encoding="UTF-8"?>
<!-- Generated by org.testng.reporters.JUnitReportReporter -->
<testsuite skipped="0" hostname="PSHTS" name="com.woolies.TestCase.StandUpMeetTest" tests="5" failures="0" timestamp="2022-08-22T10:03:28 AEST" time="29.136" errors="0">
  <testcase name="Test_Calender_Launch" time="7.369" classname="com.woolies.TestCase.StandUpMeetTest"/>
  <system-out/>
  <testcase name="Test_StandUp_Title" time="3.994" classname="com.woolies.TestCase.StandUpMeetTest"/>
  <system-out/>
  <testcase name="Test_Set_StandUp_Meet" time="7.838" classname="com.woolies.TestCase.StandUpMeetTest"/>
  <system-out/>
  <testcase name="Test_Invite_People_StandUp" time="1.704" classname="com.woolies.TestCase.StandUpMeetTest"/>
  <system-out/>
  <testcase name="Test_Repeat_Meeting_Occurrence_StandUp" time="8.231" classname="com.woolies.TestCase.StandUpMeetTest"/>
  <system-out/>
</testsuite> <!-- com.woolies.TestCase.StandUpMeetTest -->
